<?xml version="1.0" encoding="UTF-8"?>
<!-- Generated by org.testng.reporters.JUnitReportReporter -->
<testsuite hostname="LAPTOP-G36CU7DU" failures="0" tests="1" name="com.todos.tests.AddTodoTest" time="7.448" errors="0" timestamp="8 Aug 2022 16:27:18 GMT">
  <testcase classname="com.todos.tests.AddTodoTest" name="iCanAddTodo" time="7.448"/>
</testsuite> <!-- com.todos.tests.AddTodoTest -->
