<?xml version="1.0" encoding="UTF-8"?>
<!-- Generated by org.testng.reporters.JUnitReportReporter -->
<testsuite hostname="LAPTOP-G36CU7DU" failures="0" tests="1" name="com.todos.tests.RemoveToDoTest" time="4.102" errors="0" timestamp="8 Aug 2022 16:27:18 GMT">
  <testcase classname="com.todos.tests.RemoveToDoTest" name="iRemoveToDoTest" time="4.102"/>
</testsuite> <!-- com.todos.tests.RemoveToDoTest -->
